#
# There is insufficient memory for the Java Runtime Environment to continue.
# Native memory allocation (mmap) failed to map 107479040 bytes for committing reserved memory.
# Possible reasons:
#   The system is out of physical RAM or swap space
#   In 32 bit mode, the process size limit was hit
# Possible solutions:
#   Reduce memory load on the system
#   Increase physical memory or swap space
#   Check if swap backing store is full
#   Use 64 bit Java on a 64 bit OS
#   Decrease Java heap size (-Xmx/-Xms)
#   Decrease number of Java threads
#   Decrease Java thread stack sizes (-Xss)
#   Set larger code cache with -XX:ReservedCodeCacheSize=
# This output file may be truncated or incomplete.
#
#  Out of Memory Error (os_linux.cpp:2743), pid=2674, tid=0x00007ff0ddc34700
#
# JRE version: Java(TM) SE Runtime Environment (8.0_191-b12) (build 1.8.0_191-b12)
# Java VM: Java HotSpot(TM) 64-Bit Server VM (25.191-b12 mixed mode linux-amd64 compressed oops)
# Failed to write core dump. Core dumps have been disabled. To enable core dumping, try "ulimit -c unlimited" before starting Java again
#

---------------  T H R E A D  ---------------

Current thread (0x00007ff0f0080000):  VMThread [stack: 0x00007ff0ddb35000,0x00007ff0ddc35000] [id=2711]

Stack: [0x00007ff0ddb35000,0x00007ff0ddc35000],  sp=0x00007ff0ddc33430,  free space=1017k
Native frames: (J=compiled Java code, j=interpreted, Vv=VM code, C=native code)
V  [libjvm.so+0xace425]  VMError::report_and_die()+0x2c5
V  [libjvm.so+0x4deb77]  report_vm_out_of_memory(char const*, int, unsigned long, VMErrorType, char const*)+0x67
V  [libjvm.so+0x90c570]  os::pd_commit_memory(char*, unsigned long, unsigned long, bool)+0x100
V  [libjvm.so+0x903eaf]  os::commit_memory(char*, unsigned long, unsigned long, bool)+0x1f
V  [libjvm.so+0x988346]  PSVirtualSpace::expand_by(unsigned long)+0x56
V  [libjvm.so+0x9895d8]  PSYoungGen::resize(unsigned long, unsigned long)+0xd8
V  [libjvm.so+0x985d66]  PSScavenge::invoke_no_policy()+0x1356
V  [libjvm.so+0x98610c]  PSScavenge::invoke()+0x4c
V  [libjvm.so+0x935fb8]  ParallelScavengeHeap::failed_mem_allocate(unsigned long)+0x68
V  [libjvm.so+0xacff53]  VM_ParallelGCFailedAllocation::doit()+0x93
V  [libjvm.so+0xad50f6]  VM_Operation::evaluate()+0x46
V  [libjvm.so+0xad347d]  VMThread::evaluate_operation(VM_Operation*) [clone .constprop.44]+0xcd
V  [libjvm.so+0xad3a3b]  VMThread::loop()+0x37b
V  [libjvm.so+0xad3de8]  VMThread::run()+0x78
V  [libjvm.so+0x909c92]  java_start(Thread*)+0x102

VM_Operation (0x00007ff0ccef9c20): ParallelGCFailedAllocation, mode: safepoint, requested by thread 0x00007ff094003000


---------------  P R O C E S S  ---------------

Java Threads: ( => current thread )
  0x00007ff07c005800 JavaThread "JMX server connection timeout 20" daemon [_thread_blocked, id=2733, stack(0x00007ff0cc6f8000,0x00007ff0cc7f9000)]
  0x00007ff0a4001800 JavaThread "RMI TCP Connection(2)-127.0.0.1" daemon [_thread_blocked, id=2732, stack(0x00007ff0cc7f9000,0x00007ff0cc8fa000)]
  0x00007ff080007800 JavaThread "RMI Scheduler(0)" daemon [_thread_blocked, id=2731, stack(0x00007ff0cc8fa000,0x00007ff0cc9fb000)]
  0x00007ff098001800 JavaThread "RMI TCP Connection(1)-127.0.0.1" daemon [_thread_in_native, id=2728, stack(0x00007ff0cc9fb000,0x00007ff0ccafc000)]
  0x00007ff094003000 JavaThread "restartedMain" [_thread_blocked, id=2726, stack(0x00007ff0ccdfd000,0x00007ff0ccefe000)]
  0x00007ff0f0958000 JavaThread "Thread-1" [_thread_blocked, id=2725, stack(0x00007ff0ccefe000,0x00007ff0ccfff000)]
  0x00007ff0f07bc000 JavaThread "RMI TCP Accept-0" daemon [_thread_in_native, id=2723, stack(0x00007ff0dc119000,0x00007ff0dc21a000)]
  0x00007ff0f0784000 JavaThread "RMI TCP Accept-45775" daemon [_thread_in_native, id=2721, stack(0x00007ff0dc240000,0x00007ff0dc341000)]
  0x00007ff0f0769000 JavaThread "RMI TCP Accept-0" daemon [_thread_in_native, id=2719, stack(0x00007ff0dc341000,0x00007ff0dc442000)]
  0x00007ff0f00da800 JavaThread "Service Thread" daemon [_thread_blocked, id=2718, stack(0x00007ff0dced9000,0x00007ff0dcfda000)]
  0x00007ff0f00c5800 JavaThread "C1 CompilerThread2" daemon [_thread_blocked, id=2717, stack(0x00007ff0dcfdb000,0x00007ff0dd0db000)]
  0x00007ff0f00c3800 JavaThread "C2 CompilerThread1" daemon [_thread_blocked, id=2716, stack(0x00007ff0dd0dc000,0x00007ff0dd1dc000)]
  0x00007ff0f00c1000 JavaThread "C2 CompilerThread0" daemon [_thread_blocked, id=2715, stack(0x00007ff0dd1dd000,0x00007ff0dd2dd000)]
  0x00007ff0f00bf000 JavaThread "Signal Dispatcher" daemon [_thread_blocked, id=2714, stack(0x00007ff0dd2dd000,0x00007ff0dd3de000)]
  0x00007ff0f008c800 JavaThread "Finalizer" daemon [_thread_blocked, id=2713, stack(0x00007ff0dd932000,0x00007ff0dda33000)]
  0x00007ff0f008a000 JavaThread "Reference Handler" daemon [_thread_blocked, id=2712, stack(0x00007ff0dda33000,0x00007ff0ddb34000)]
  0x00007ff0f0012000 JavaThread "main" [_thread_blocked, id=2697, stack(0x00007ff0f67c5000,0x00007ff0f68c5000)]

Other Threads:
=>0x00007ff0f0080000 VMThread [stack: 0x00007ff0ddb35000,0x00007ff0ddc35000] [id=2711]
  0x00007ff0f07be800 WatcherThread [stack: 0x00007ff0dc019000,0x00007ff0dc119000] [id=2724]

VM state:at safepoint (normal execution)

VM Mutex/Monitor currently owned by a thread:  ([mutex/lock_event])
[0x00007ff0f000e830] Threads_lock - owner thread: 0x00007ff0f0080000
[0x00007ff0f000ed30] Heap_lock - owner thread: 0x00007ff094003000

Heap:
 PSYoungGen      total 138240K, used 6489K [0x00000000d7200000, 0x00000000e0400000, 0x0000000100000000)
  eden space 126976K, 0% used [0x00000000d7200000,0x00000000d7200000,0x00000000dee00000)
  from space 11264K, 57% used [0x00000000dee00000,0x00000000df456608,0x00000000df900000)
  to   space 10752K, 0% used [0x00000000df980000,0x00000000df980000,0x00000000e0400000)
 ParOldGen       total 48640K, used 5616K [0x0000000085600000, 0x0000000088580000, 0x00000000d7200000)
  object space 48640K, 11% used [0x0000000085600000,0x0000000085b7c198,0x0000000088580000)
 Metaspace       used 24656K, capacity 25608K, committed 25856K, reserved 1071104K
  class space    used 3304K, capacity 3550K, committed 3584K, reserved 1048576K

Card table byte_map: [0x00007ff0e0016000,0x00007ff0e03ec000] byte_map_base: 0x00007ff0dfbeb000

Marking Bits: (ParMarkBitMap*) 0x00007ff0f5c71d40
 Begin Bits: [0x00007ff0d42b0000, 0x00007ff0d6158000)
 End Bits:   [0x00007ff0d6158000, 0x00007ff0d8000000)

Polling page: 0x00007ff0f68e1000

CodeCache: size=245760Kb used=4920Kb max_used=4920Kb free=240839Kb
 bounds [0x00007ff0e07ac000, 0x00007ff0e0c7c000, 0x00007ff0ef7ac000]
 total_blobs=2631 nmethods=2222 adapters=322
 compilation: enabled

Compilation events (10 events):
Event: 2,730 Thread 0x00007ff0f00c5800 nmethod 2216 0x00007ff0e0c78890 code [0x00007ff0e0c789e0, 0x00007ff0e0c78b10]
Event: 2,730 Thread 0x00007ff0f00c5800 2217       1       java.io.ObjectOutputStream$BlockDataOutputStream::writeShort (47 bytes)
Event: 2,731 Thread 0x00007ff0f00c5800 nmethod 2217 0x00007ff0e0c78c10 code [0x00007ff0e0c78da0, 0x00007ff0e0c78fb8]
Event: 2,731 Thread 0x00007ff0f00c5800 2219       1       java.io.Bits::putInt (36 bytes)
Event: 2,731 Thread 0x00007ff0f00c5800 nmethod 2219 0x00007ff0e0c79150 code [0x00007ff0e0c792c0, 0x00007ff0e0c79430]
Event: 2,734 Thread 0x00007ff0f00c5800 2221       1       java.util.WeakHashMap::getEntry (72 bytes)
Event: 2,735 Thread 0x00007ff0f00c5800 nmethod 2221 0x00007ff0e0c79550 code [0x00007ff0e0c796e0, 0x00007ff0e0c79948]
Event: 2,735 Thread 0x00007ff0f00c5800 2220       1       java.util.WeakHashMap::containsKey (14 bytes)
Event: 2,735 Thread 0x00007ff0f00c5800 nmethod 2220 0x00007ff0e0c79b10 code [0x00007ff0e0c79c80, 0x00007ff0e0c79dc8]
Event: 3,732 Thread 0x00007ff0f00c5800 2222       1       java.io.ObjectStreamClass::processQueue (21 bytes)

GC Heap History (10 events):
Event: 1,104 GC heap after
Heap after GC invocations=3 (full 0):
 PSYoungGen      total 36864K, used 5115K [0x00000000d7200000, 0x00000000dba00000, 0x0000000100000000)
  eden space 31744K, 0% used [0x00000000d7200000,0x00000000d7200000,0x00000000d9100000)
  from space 5120K, 99% used [0x00000000d9100000,0x00000000d95fef80,0x00000000d9600000)
  to   space 5120K, 0% used [0x00000000db500000,0x00000000db500000,0x00000000dba00000)
 ParOldGen       total 84992K, used 2119K [0x0000000085600000, 0x000000008a900000, 0x00000000d7200000)
  object space 84992K, 2% used [0x0000000085600000,0x0000000085811df8,0x000000008a900000)
 Metaspace       used 12550K, capacity 12848K, committed 13184K, reserved 1060864K
  class space    used 1517K, capacity 1621K, committed 1664K, reserved 1048576K
}
Event: 1,246 GC heap before
{Heap before GC invocations=4 (full 0):
 PSYoungGen      total 36864K, used 36859K [0x00000000d7200000, 0x00000000dba00000, 0x0000000100000000)
  eden space 31744K, 100% used [0x00000000d7200000,0x00000000d9100000,0x00000000d9100000)
  from space 5120K, 99% used [0x00000000d9100000,0x00000000d95fef80,0x00000000d9600000)
  to   space 5120K, 0% used [0x00000000db500000,0x00000000db500000,0x00000000dba00000)
 ParOldGen       total 84992K, used 2119K [0x0000000085600000, 0x000000008a900000, 0x00000000d7200000)
  object space 84992K, 2% used [0x0000000085600000,0x0000000085811df8,0x000000008a900000)
 Metaspace       used 14990K, capacity 15480K, committed 15744K, reserved 1062912K
  class space    used 1973K, capacity 2105K, committed 2176K, reserved 1048576K
Event: 1,251 GC heap after
Heap after GC invocations=4 (full 0):
 PSYoungGen      total 68608K, used 5089K [0x00000000d7200000, 0x00000000dba00000, 0x0000000100000000)
  eden space 63488K, 0% used [0x00000000d7200000,0x00000000d7200000,0x00000000db000000)
  from space 5120K, 99% used [0x00000000db500000,0x00000000db9f87c8,0x00000000dba00000)
  to   space 5120K, 0% used [0x00000000db000000,0x00000000db000000,0x00000000db500000)
 ParOldGen       total 84992K, used 3544K [0x0000000085600000, 0x000000008a900000, 0x00000000d7200000)
  object space 84992K, 4% used [0x0000000085600000,0x0000000085976148,0x000000008a900000)
 Metaspace       used 14990K, capacity 15480K, committed 15744K, reserved 1062912K
  class space    used 1973K, capacity 2105K, committed 2176K, reserved 1048576K
}
Event: 1,485 GC heap before
{Heap before GC invocations=5 (full 0):
 PSYoungGen      total 68608K, used 68577K [0x00000000d7200000, 0x00000000dba00000, 0x0000000100000000)
  eden space 63488K, 100% used [0x00000000d7200000,0x00000000db000000,0x00000000db000000)
  from space 5120K, 99% used [0x00000000db500000,0x00000000db9f87c8,0x00000000dba00000)
  to   space 5120K, 0% used [0x00000000db000000,0x00000000db000000,0x00000000db500000)
 ParOldGen       total 84992K, used 3544K [0x0000000085600000, 0x000000008a900000, 0x00000000d7200000)
  object space 84992K, 4% used [0x0000000085600000,0x0000000085976148,0x000000008a900000)
 Metaspace       used 20322K, capacity 20930K, committed 21120K, reserved 1067008K
  class space    used 2708K, capacity 2894K, committed 2944K, reserved 1048576K
Event: 1,503 GC heap after
Heap after GC invocations=5 (full 0):
 PSYoungGen      total 68608K, used 5089K [0x00000000d7200000, 0x00000000e0500000, 0x0000000100000000)
  eden space 63488K, 0% used [0x00000000d7200000,0x00000000d7200000,0x00000000db000000)
  from space 5120K, 99% used [0x00000000db000000,0x00000000db4f87c8,0x00000000db500000)
  to   space 11776K, 0% used [0x00000000df980000,0x00000000df980000,0x00000000e0500000)
 ParOldGen       total 84992K, used 9664K [0x0000000085600000, 0x000000008a900000, 0x00000000d7200000)
  object space 84992K, 11% used [0x0000000085600000,0x0000000085f701c0,0x000000008a900000)
 Metaspace       used 20322K, capacity 20930K, committed 21120K, reserved 1067008K
  class space    used 2708K, capacity 2894K, committed 2944K, reserved 1048576K
}
Event: 1,532 GC heap before
{Heap before GC invocations=6 (full 0):
 PSYoungGen      total 68608K, used 12698K [0x00000000d7200000, 0x00000000e0500000, 0x0000000100000000)
  eden space 63488K, 11% used [0x00000000d7200000,0x00000000d796e318,0x00000000db000000)
  from space 5120K, 99% used [0x00000000db000000,0x00000000db4f87c8,0x00000000db500000)
  to   space 11776K, 0% used [0x00000000df980000,0x00000000df980000,0x00000000e0500000)
 ParOldGen       total 84992K, used 9664K [0x0000000085600000, 0x000000008a900000, 0x00000000d7200000)
  object space 84992K, 11% used [0x0000000085600000,0x0000000085f701c0,0x000000008a900000)
 Metaspace       used 20665K, capacity 21292K, committed 21296K, reserved 1067008K
  class space    used 2755K, capacity 2941K, committed 2944K, reserved 1048576K
Event: 1,539 GC heap after
Heap after GC invocations=6 (full 0):
 PSYoungGen      total 137728K, used 5600K [0x00000000d7200000, 0x00000000e0400000, 0x0000000100000000)
  eden space 126976K, 0% used [0x00000000d7200000,0x00000000d7200000,0x00000000dee00000)
  from space 10752K, 52% used [0x00000000df980000,0x00000000dfef80e8,0x00000000e0400000)
  to   space 11264K, 0% used [0x00000000dee00000,0x00000000dee00000,0x00000000df900000)
 ParOldGen       total 84992K, used 9672K [0x0000000085600000, 0x000000008a900000, 0x00000000d7200000)
  object space 84992K, 11% used [0x0000000085600000,0x0000000085f721c0,0x000000008a900000)
 Metaspace       used 20665K, capacity 21292K, committed 21296K, reserved 1067008K
  class space    used 2755K, capacity 2941K, committed 2944K, reserved 1048576K
}
Event: 1,539 GC heap before
{Heap before GC invocations=7 (full 1):
 PSYoungGen      total 137728K, used 5600K [0x00000000d7200000, 0x00000000e0400000, 0x0000000100000000)
  eden space 126976K, 0% used [0x00000000d7200000,0x00000000d7200000,0x00000000dee00000)
  from space 10752K, 52% used [0x00000000df980000,0x00000000dfef80e8,0x00000000e0400000)
  to   space 11264K, 0% used [0x00000000dee00000,0x00000000dee00000,0x00000000df900000)
 ParOldGen       total 84992K, used 9672K [0x0000000085600000, 0x000000008a900000, 0x00000000d7200000)
  object space 84992K, 11% used [0x0000000085600000,0x0000000085f721c0,0x000000008a900000)
 Metaspace       used 20665K, capacity 21292K, committed 21296K, reserved 1067008K
  class space    used 2755K, capacity 2941K, committed 2944K, reserved 1048576K
Event: 1,571 GC heap after
Heap after GC invocations=7 (full 1):
 PSYoungGen      total 137728K, used 0K [0x00000000d7200000, 0x00000000e0400000, 0x0000000100000000)
  eden space 126976K, 0% used [0x00000000d7200000,0x00000000d7200000,0x00000000dee00000)
  from space 10752K, 0% used [0x00000000df980000,0x00000000df980000,0x00000000e0400000)
  to   space 11264K, 0% used [0x00000000dee00000,0x00000000dee00000,0x00000000df900000)
 ParOldGen       total 48640K, used 5544K [0x0000000085600000, 0x0000000088580000, 0x00000000d7200000)
  object space 48640K, 11% used [0x0000000085600000,0x0000000085b6a188,0x0000000088580000)
 Metaspace       used 20663K, capacity 21286K, committed 21296K, reserved 1067008K
  class space    used 2754K, capacity 2940K, committed 2944K, reserved 1048576K
}
Event: 4,896 GC heap before
{Heap before GC invocations=8 (full 1):
 PSYoungGen      total 137728K, used 126976K [0x00000000d7200000, 0x00000000e0400000, 0x0000000100000000)
  eden space 126976K, 100% used [0x00000000d7200000,0x00000000dee00000,0x00000000dee00000)
  from space 10752K, 0% used [0x00000000df980000,0x00000000df980000,0x00000000e0400000)
  to   space 11264K, 0% used [0x00000000dee00000,0x00000000dee00000,0x00000000df900000)
 ParOldGen       total 48640K, used 5544K [0x0000000085600000, 0x0000000088580000, 0x00000000d7200000)
  object space 48640K, 11% used [0x0000000085600000,0x0000000085b6a188,0x0000000088580000)
 Metaspace       used 24656K, capacity 25608K, committed 25856K, reserved 1071104K
  class space    used 3304K, capacity 3550K, committed 3584K, reserved 1048576K

Deoptimization events (0 events):
No events

Classes redefined (0 events):
No events

Internal exceptions (10 events):
Event: 1,723 Thread 0x00007ff094003000 Exception <a 'java/lang/ArrayIndexOutOfBoundsException'> (0x00000000d87ce4f0) thrown at [/HUDSON/workspace/8-2-build-linux-amd64/jdk8u191/11894/hotspot/src/share/vm/runtime/sharedRuntime.cpp, line 605]
Event: 1,768 Thread 0x00007ff094003000 Exception <a 'java/lang/ArrayIndexOutOfBoundsException'> (0x00000000d9059f70) thrown at [/HUDSON/workspace/8-2-build-linux-amd64/jdk8u191/11894/hotspot/src/share/vm/runtime/sharedRuntime.cpp, line 605]
Event: 1,769 Thread 0x00007ff094003000 Exception <a 'java/lang/ArrayIndexOutOfBoundsException'> (0x00000000d906e018) thrown at [/HUDSON/workspace/8-2-build-linux-amd64/jdk8u191/11894/hotspot/src/share/vm/runtime/sharedRuntime.cpp, line 605]
Event: 1,770 Thread 0x00007ff094003000 Exception <a 'java/lang/ArrayIndexOutOfBoundsException'> (0x00000000d9079cc8) thrown at [/HUDSON/workspace/8-2-build-linux-amd64/jdk8u191/11894/hotspot/src/share/vm/runtime/sharedRuntime.cpp, line 605]
Event: 1,770 Thread 0x00007ff094003000 Exception <a 'java/lang/ArrayIndexOutOfBoundsException'> (0x00000000d907bb78) thrown at [/HUDSON/workspace/8-2-build-linux-amd64/jdk8u191/11894/hotspot/src/share/vm/runtime/sharedRuntime.cpp, line 605]
Event: 1,794 Thread 0x00007ff094003000 Exception <a 'java/lang/NoSuchMethodError': java.lang.Object.lambda$comparing$77a9974f$1(Ljava/util/function/Function;Ljava/lang/Object;Ljava/lang/Object;)I> (0x00000000d937fcc0) thrown at [/HUDSON/workspace/8-2-build-linux-amd64/jdk8u191/11894/hotspot/sr
Event: 2,134 Thread 0x00007ff094003000 Exception <a 'java/lang/IncompatibleClassChangeError': Found class java.lang.Object, but interface was expected> (0x00000000dcde46f8) thrown at [/HUDSON/workspace/8-2-build-linux-amd64/jdk8u191/11894/hotspot/src/share/vm/interpreter/linkResolver.cpp, line
Event: 2,174 Thread 0x00007ff0a4001800 Exception <a 'java/lang/reflect/InvocationTargetException'> (0x00000000d8078620) thrown at [/HUDSON/workspace/8-2-build-linux-amd64/jdk8u191/11894/hotspot/src/share/vm/runtime/reflection.cpp, line 1092]
Event: 2,721 Thread 0x00007ff0a4001800 Exception <a 'java/lang/reflect/InvocationTargetException'> (0x00000000d807cb80) thrown at [/HUDSON/workspace/8-2-build-linux-amd64/jdk8u191/11894/hotspot/src/share/vm/runtime/reflection.cpp, line 1092]
Event: 3,739 Thread 0x00007ff0a4001800 Exception <a 'java/lang/reflect/InvocationTargetException'> (0x00000000d80810e0) thrown at [/HUDSON/workspace/8-2-build-linux-amd64/jdk8u191/11894/hotspot/src/share/vm/runtime/reflection.cpp, line 1092]

Events (10 events):
Event: 2,673 loading class org/apache/tomcat/jdbc/pool/DataSourceProxy done
Event: 2,679 loading class org/springframework/boot/autoconfigure/jdbc/DataSourceAutoConfiguration$EmbeddedDatabaseCondition
Event: 2,679 loading class org/springframework/boot/autoconfigure/jdbc/DataSourceAutoConfiguration$EmbeddedDatabaseCondition done
Event: 2,698 loading class org/apache/commons/dbcp2/BasicDataSource
Event: 2,698 loading class org/apache/commons/dbcp2/BasicDataSource done
Event: 2,699 loading class org/apache/tomcat/jdbc/pool/DataSource
Event: 2,700 loading class org/apache/tomcat/jdbc/pool/DataSource done
Event: 2,712 loading class org/springframework/boot/autoconfigure/jdbc/DataSourceInitializationConfiguration$Registrar
Event: 2,712 loading class org/springframework/boot/autoconfigure/jdbc/DataSourceInitializationConfiguration$Registrar done
Event: 3,849 Executing VM operation: ParallelGCFailedAllocation


Dynamic libraries:
00400000-00401000 r-xp 00000000 08:02 3278919                            /usr/lib/jvm/java-8-oracle/bin/java
00600000-00601000 r--p 00000000 08:02 3278919                            /usr/lib/jvm/java-8-oracle/bin/java
00601000-00602000 rw-p 00001000 08:02 3278919                            /usr/lib/jvm/java-8-oracle/bin/java
0248b000-024ac000 rw-p 00000000 00:00 0                                  [heap]
85600000-88580000 rw-p 00000000 00:00 0 
88580000-d7200000 ---p 00000000 00:00 0 
d7200000-e0400000 rw-p 00000000 00:00 0 
e6a80000-100000000 ---p 00000000 00:00 0 
100000000-100380000 rw-p 00000000 00:00 0 
100380000-140000000 ---p 00000000 00:00 0 
7ff0733e5000-7ff0735a5000 rw-p 00000000 00:00 0 
7ff0735a5000-7ff0735e5000 ---p 00000000 00:00 0 
7ff0735e5000-7ff0737e5000 rw-p 00000000 00:00 0 
7ff0737e5000-7ff0739e5000 rw-p 00000000 00:00 0 
7ff0739e5000-7ff073be5000 rw-p 00000000 00:00 0 
7ff073be5000-7ff073de5000 rw-p 00000000 00:00 0 
7ff073de5000-7ff073dfc000 r-xp 00000000 08:02 3937007                    /lib/x86_64-linux-gnu/libresolv-2.27.so
7ff073dfc000-7ff073ffc000 ---p 00017000 08:02 3937007                    /lib/x86_64-linux-gnu/libresolv-2.27.so
7ff073ffc000-7ff073ffd000 r--p 00017000 08:02 3937007                    /lib/x86_64-linux-gnu/libresolv-2.27.so
7ff073ffd000-7ff073ffe000 rw-p 00018000 08:02 3937007                    /lib/x86_64-linux-gnu/libresolv-2.27.so
7ff073ffe000-7ff074000000 rw-p 00000000 00:00 0 
7ff074000000-7ff074021000 rw-p 00000000 00:00 0 
7ff074021000-7ff078000000 ---p 00000000 00:00 0 
7ff078000000-7ff078021000 rw-p 00000000 00:00 0 
7ff078021000-7ff07c000000 ---p 00000000 00:00 0 
7ff07c000000-7ff07c021000 rw-p 00000000 00:00 0 
7ff07c021000-7ff080000000 ---p 00000000 00:00 0 
7ff080000000-7ff080021000 rw-p 00000000 00:00 0 
7ff080021000-7ff084000000 ---p 00000000 00:00 0 
7ff084000000-7ff084021000 rw-p 00000000 00:00 0 
7ff084021000-7ff088000000 ---p 00000000 00:00 0 
7ff088000000-7ff08847a000 rw-p 00000000 00:00 0 
7ff08847a000-7ff08c000000 ---p 00000000 00:00 0 
7ff08c000000-7ff08c3a7000 rw-p 00000000 00:00 0 
7ff08c3a7000-7ff090000000 ---p 00000000 00:00 0 
7ff090000000-7ff090021000 rw-p 00000000 00:00 0 
7ff090021000-7ff094000000 ---p 00000000 00:00 0 
7ff094000000-7ff094021000 rw-p 00000000 00:00 0 
7ff094021000-7ff098000000 ---p 00000000 00:00 0 
7ff098000000-7ff098021000 rw-p 00000000 00:00 0 
7ff098021000-7ff09c000000 ---p 00000000 00:00 0 
7ff09c000000-7ff09c021000 rw-p 00000000 00:00 0 
7ff09c021000-7ff0a0000000 ---p 00000000 00:00 0 
7ff0a0000000-7ff0a0021000 rw-p 00000000 00:00 0 
7ff0a0021000-7ff0a4000000 ---p 00000000 00:00 0 
7ff0a4000000-7ff0a4021000 rw-p 00000000 00:00 0 
7ff0a4021000-7ff0a8000000 ---p 00000000 00:00 0 
7ff0a8000000-7ff0a8021000 rw-p 00000000 00:00 0 
7ff0a8021000-7ff0ac000000 ---p 00000000 00:00 0 
7ff0ac000000-7ff0ac5b5000 rw-p 00000000 00:00 0 
7ff0ac5b5000-7ff0b0000000 ---p 00000000 00:00 0 
7ff0b0000000-7ff0b0021000 rw-p 00000000 00:00 0 
7ff0b0021000-7ff0b4000000 ---p 00000000 00:00 0 
7ff0b4000000-7ff0b4046000 rw-p 00000000 00:00 0 
7ff0b4046000-7ff0b8000000 ---p 00000000 00:00 0 
7ff0b8000000-7ff0b8021000 rw-p 00000000 00:00 0 
7ff0b8021000-7ff0bc000000 ---p 00000000 00:00 0 
7ff0bc000000-7ff0bc021000 rw-p 00000000 00:00 0 
7ff0bc021000-7ff0c0000000 ---p 00000000 00:00 0 
7ff0c0000000-7ff0c0021000 rw-p 00000000 00:00 0 
7ff0c0021000-7ff0c4000000 ---p 00000000 00:00 0 
7ff0c4000000-7ff0c429b000 rw-p 00000000 00:00 0 
7ff0c429b000-7ff0c8000000 ---p 00000000 00:00 0 
7ff0c8000000-7ff0c8021000 rw-p 00000000 00:00 0 
7ff0c8021000-7ff0cc000000 ---p 00000000 00:00 0 
7ff0cc157000-7ff0cc1ed000 r--s 0110e000 08:02 4862921                    /usr/lib/jvm/java-8-oracle/jre/lib/ext/jfxrt.jar
7ff0cc1ed000-7ff0cc1f2000 r-xp 00000000 08:02 3936956                    /lib/x86_64-linux-gnu/libnss_dns-2.27.so
7ff0cc1f2000-7ff0cc3f2000 ---p 00005000 08:02 3936956                    /lib/x86_64-linux-gnu/libnss_dns-2.27.so
7ff0cc3f2000-7ff0cc3f3000 r--p 00005000 08:02 3936956                    /lib/x86_64-linux-gnu/libnss_dns-2.27.so
7ff0cc3f3000-7ff0cc3f4000 rw-p 00006000 08:02 3936956                    /lib/x86_64-linux-gnu/libnss_dns-2.27.so
7ff0cc3f4000-7ff0cc3f6000 r-xp 00000000 08:02 3936964                    /lib/x86_64-linux-gnu/libnss_mdns4_minimal.so.2
7ff0cc3f6000-7ff0cc5f5000 ---p 00002000 08:02 3936964                    /lib/x86_64-linux-gnu/libnss_mdns4_minimal.so.2
7ff0cc5f5000-7ff0cc5f6000 r--p 00001000 08:02 3936964                    /lib/x86_64-linux-gnu/libnss_mdns4_minimal.so.2
7ff0cc5f6000-7ff0cc5f7000 rw-p 00002000 08:02 3936964                    /lib/x86_64-linux-gnu/libnss_mdns4_minimal.so.2
7ff0cc5f7000-7ff0cc5fa000 ---p 00000000 00:00 0 
7ff0cc5fa000-7ff0cc6f8000 rw-p 00000000 00:00 0 
7ff0cc6f8000-7ff0cc6fb000 ---p 00000000 00:00 0 
7ff0cc6fb000-7ff0cc7f9000 rw-p 00000000 00:00 0 
7ff0cc7f9000-7ff0cc7fc000 ---p 00000000 00:00 0 
7ff0cc7fc000-7ff0cc8fa000 rw-p 00000000 00:00 0 
7ff0cc8fa000-7ff0cc8fd000 ---p 00000000 00:00 0 
7ff0cc8fd000-7ff0cc9fb000 rw-p 00000000 00:00 0 
7ff0cc9fb000-7ff0cc9fe000 ---p 00000000 00:00 0 
7ff0cc9fe000-7ff0cccfc000 rw-p 00000000 00:00 0 
7ff0cccfc000-7ff0cccff000 ---p 00000000 00:00 0 
7ff0cccff000-7ff0ccdfd000 rw-p 00000000 00:00 0 
7ff0ccdfd000-7ff0cce00000 ---p 00000000 00:00 0 
7ff0cce00000-7ff0ccefe000 rw-p 00000000 00:00 0 
7ff0ccefe000-7ff0ccf01000 ---p 00000000 00:00 0 
7ff0ccf01000-7ff0d0000000 rw-p 00000000 00:00 0 
7ff0d0000000-7ff0d0021000 rw-p 00000000 00:00 0 
7ff0d0021000-7ff0d4000000 ---p 00000000 00:00 0 
7ff0d408c000-7ff0d428c000 rw-p 00000000 00:00 0 
7ff0d428c000-7ff0d42b0000 r--p 00000000 08:02 4066958                    /usr/share/locale-langpack/es/LC_MESSAGES/libc.mo
7ff0d42b0000-7ff0d8000000 rw-p 00000000 00:00 0 
7ff0d8000000-7ff0d8021000 rw-p 00000000 00:00 0 
7ff0d8021000-7ff0dc000000 ---p 00000000 00:00 0 
7ff0dc011000-7ff0dc018000 r--s 00000000 08:02 3672117                    /usr/lib/x86_64-linux-gnu/gconv/gconv-modules.cache
7ff0dc018000-7ff0dc019000 ---p 00000000 00:00 0 
7ff0dc019000-7ff0dc119000 rw-p 00000000 00:00 0 
7ff0dc119000-7ff0dc11c000 ---p 00000000 00:00 0 
7ff0dc11c000-7ff0dc21a000 rw-p 00000000 00:00 0 
7ff0dc21a000-7ff0dc224000 r--s 00116000 08:02 4862927                    /usr/lib/jvm/java-8-oracle/jre/lib/ext/localedata.jar
7ff0dc224000-7ff0dc240000 r--s 00393000 08:02 4862920                    /usr/lib/jvm/java-8-oracle/jre/lib/ext/cldrdata.jar
7ff0dc240000-7ff0dc243000 ---p 00000000 00:00 0 
7ff0dc243000-7ff0dc341000 rw-p 00000000 00:00 0 
7ff0dc341000-7ff0dc344000 ---p 00000000 00:00 0 
7ff0dc344000-7ff0dc442000 rw-p 00000000 00:00 0 
7ff0dc442000-7ff0dc447000 r--s 000a0000 08:02 4202517                    /usr/lib/jvm/java-8-oracle/jre/lib/jsse.jar
7ff0dc447000-7ff0dc449000 r--s 00005000 08:02 9067179                    /home/joliveira/.m2/repository/xpp3/xpp3_min/1.1.4c/xpp3_min-1.1.4c.jar
7ff0dc449000-7ff0dc44a000 r--s 00001000 08:02 9751773                    /home/joliveira/.m2/repository/xmlpull/xmlpull/1.1.3.1/xmlpull-1.1.3.1.jar
7ff0dc44a000-7ff0dc458000 r--s 00082000 08:02 660306                     /home/joliveira/.m2/repository/com/thoughtworks/xstream/xstream/1.4.10/xstream-1.4.10.jar
7ff0dc458000-7ff0dc45a000 r--s 00003000 08:02 660308                     /home/joliveira/.m2/repository/com/netflix/ribbon/ribbon-eureka/2.3.0/ribbon-eureka-2.3.0.jar
7ff0dc45a000-7ff0dc473000 r--s 00102000 08:02 9406879                    /home/joliveira/.m2/repository/io/reactivex/rxjava/1.3.8/rxjava-1.3.8.jar
7ff0dc473000-7ff0dc475000 r--s 00002000 08:02 659614                     /home/joliveira/.m2/repository/com/netflix/netflix-commons/netflix-statistics/0.1.1/netflix-statistics-0.1.1.jar
7ff0dc475000-7ff0dc479000 r--s 00024000 08:02 659612                     /home/joliveira/.m2/repository/com/netflix/ribbon/ribbon-loadbalancer/2.3.0/ribbon-loadbalancer-2.3.0.jar
7ff0dc479000-7ff0dc47b000 r--s 00001000 08:02 659610                     /home/joliveira/.m2/repository/com/netflix/netflix-commons/netflix-commons-util/0.3.0/netflix-commons-util-0.3.0.jar
7ff0dc47b000-7ff0dc488000 r--s 00083000 08:02 659594                     /home/joliveira/.m2/repository/commons-collections/commons-collections/3.2.2/commons-collections-3.2.2.jar
7ff0dc488000-7ff0dc48a000 r--s 0000c000 08:02 659592                     /home/joliveira/.m2/repository/com/netflix/ribbon/ribbon-httpclient/2.3.0/ribbon-httpclient-2.3.0.jar
7ff0dc48a000-7ff0dc48e000 r--s 00011000 08:02 659590                     /home/joliveira/.m2/repository/com/netflix/ribbon/ribbon-core/2.3.0/ribbon-core-2.3.0.jar
7ff0dc48e000-7ff0dc498000 r--s 00059000 08:02 9407008                    /home/joliveira/.m2/repository/io/reactivex/rxnetty/0.4.9/rxnetty-0.4.9.jar
7ff0dc498000-7ff0dc49a000 r--s 0001a000 08:02 656100                     /home/joliveira/.m2/repository/org/hdrhistogram/HdrHistogram/2.1.9/HdrHistogram-2.1.9.jar
7ff0dc49a000-7ff0dc4a7000 r--s 00066000 08:02 659468                     /home/joliveira/.m2/repository/com/netflix/hystrix/hystrix-core/1.5.18/hystrix-core-1.5.18.jar
7ff0dc4a7000-7ff0dc4a9000 r--s 00006000 08:02 9407006                    /home/joliveira/.m2/repository/io/reactivex/rxnetty-servo/0.4.9/rxnetty-servo-0.4.9.jar
7ff0dc4a9000-7ff0dc4ac000 r--s 0000b000 08:02 9407004                    /home/joliveira/.m2/repository/io/reactivex/rxnetty-contexts/0.4.9/rxnetty-contexts-0.4.9.jar
7ff0dc4ac000-7ff0dc4ad000 r--s 00009000 08:02 659588                     /home/joliveira/.m2/repository/com/netflix/ribbon/ribbon-transport/2.3.0/ribbon-transport-2.3.0.jar
7ff0dc4ad000-7ff0dc4b1000 r--s 00012000 08:02 659586                     /home/joliveira/.m2/repository/com/netflix/ribbon/ribbon/2.3.0/ribbon-2.3.0.jar
7ff0dc4b1000-7ff0dc4b2000 r--s 00000000 08:02 659582                     /home/joliveira/.m2/repository/org/springframework/cloud/spring-cloud-starter-netflix-ribbon/2.1.2.RELEASE/spring-cloud-starter-netflix-ribbon-2.1.2.RELEASE.jar
7ff0dc4b2000-7ff0dc4b7000 r--s 00041000 08:02 659463                     /home/joliveira/.m2/repository/commons-lang/commons-lang/2.6/commons-lang-2.6.jar
7ff0dc4b7000-7ff0dc4be000 r--s 00050000 08:02 9406877                    /home/joliveira/.m2/repository/commons-configuration/commons-configuration/1.8/commons-configuration-1.8.jar
7ff0dc4be000-7ff0dc4bf000 r--s 00003000 08:02 659447                     /home/joliveira/.m2/repository/org/springframework/cloud/spring-cloud-netflix-archaius/2.1.2.RELEASE/spring-cloud-netflix-archaius-2.1.2.RELEASE.jar
7ff0dc4bf000-7ff0dc4c3000 r--s 00017000 08:02 659452                     /home/joliveira/.m2/repository/org/springframework/cloud/spring-cloud-netflix-ribbon/2.1.2.RELEASE/spring-cloud-netflix-ribbon-2.1.2.RELEASE.jar
7ff0dc4c3000-7ff0dc4c4000 r--s 00000000 08:02 659584                     /home/joliveira/.m2/repository/org/springframework/cloud/spring-cloud-starter-netflix-archaius/2.1.2.RELEASE/spring-cloud-starter-netflix-archaius-2.1.2.RELEASE.jar
7ff0dc4c4000-7ff0dc4c8000 r--s 00024000 08:02 660304                     /home/joliveira/.m2/repository/org/codehaus/woodstox/stax2-api/3.1.4/stax2-api-3.1.4.jar
7ff0dc4c8000-7ff0dc4ce000 r--s 00078000 08:02 660298                     /home/joliveira/.m2/repository/com/fasterxml/woodstox/woodstox-core/5.0.3/woodstox-core-5.0.3.jar
7ff0dc4ce000-7ff0dc4d3000 r--s 0003a000 08:02 660296                     /home/joliveira/.m2/repository/com/netflix/eureka/eureka-core/1.9.12/eureka-core-1.9.12.jar
7ff0dc4d3000-7ff0dc4d7000 r--s 0004c000 08:02 656086                     /home/joliveira/.m2/repository/com/fasterxml/jackson/core/jackson-core/2.9.9/jackson-core-2.9.9.jar
7ff0dc4d7000-7ff0dc4da000 r--s 0000e000 08:02 656081                     /home/joliveira/.m2/repository/com/fasterxml/jackson/core/jackson-annotations/2.9.0/jackson-annotations-2.9.0.jar
7ff0dc4da000-7ff0dc4df000 r--s 00024000 08:02 660290                     /home/joliveira/.m2/repository/com/github/andrewoma/dexx/dexx-collections/0.2/dexx-collections-0.2.jar
7ff0dc4df000-7ff0dc4e0000 r--s 00004000 08:02 660288                     /home/joliveira/.m2/repository/com/github/vlsi/compactmap/compactmap/1.2.1/compactmap-1.2.1.jar
7ff0dc4e0000-7ff0dc4e2000 r--s 00000000 08:02 9067151                    /home/joliveira/.m2/repository/aopalliance/aopalliance/1.0/aopalliance-1.0.jar
7ff0dc4e2000-7ff0dc4e3000 r--s 00000000 08:02 657887                     /home/joliveira/.m2/repository/javax/inject/javax.inject/1/javax.inject-1.jar
7ff0dc4e3000-7ff0dc4f1000 r--s 00097000 08:02 660286                     /home/joliveira/.m2/repository/com/google/inject/guice/4.1.0/guice-4.1.0.jar
7ff0dc4f1000-7ff0dc4f8000 r--s 0004b000 08:02 9407010                    /home/joliveira/.m2/repository/commons-codec/commons-codec/1.11/commons-codec-1.11.jar
7ff0dc4f8000-7ff0dc4ff000 r--s 00049000 08:02 659598                     /home/joliveira/.m2/repository/org/apache/httpcomponents/httpcore/4.4.11/httpcore-4.4.11.jar
7ff0dc4ff000-7ff0dc50d000 r--s 000b0000 08:02 659596                     /home/joliveira/.m2/repository/org/apache/httpcomponents/httpclient/4.5.9/httpclient-4.5.9.jar
7ff0dc50d000-7ff0dc50f000 r--s 00003000 08:02 659606                     /home/joliveira/.m2/repository/com/sun/jersey/contribs/jersey-apache-client4/1.19.1/jersey-apache-client4-1.19.1.jar
7ff0dc50f000-7ff0dc512000 r--s 0001e000 08:02 659600                     /home/joliveira/.m2/repository/com/sun/jersey/jersey-client/1.19.1/jersey-client-1.19.1.jar
7ff0dc512000-7ff0dc51c000 r--s 00061000 08:02 659602                     /home/joliveira/.m2/repository/com/sun/jersey/jersey-core/1.19.1/jersey-core-1.19.1.jar
7ff0dc51c000-7ff0dc521000 r--s 00033000 08:02 659608                     /home/joliveira/.m2/repository/com/netflix/servo/servo-core/0.12.21/servo-core-0.12.21.jar
7ff0dc521000-7ff0dc523000 r--s 0000a000 08:02 659604                     /home/joliveira/.m2/repository/javax/ws/rs/jsr311-api/1.1.1/jsr311-api-1.1.1.jar
7ff0dc523000-7ff0dc54e000 r--s 001f5000 08:02 262158                     /home/joliveira/.m2/repository/com/google/guava/guava/16.0/guava-16.0.jar
7ff0dc54e000-7ff0dc552000 r--s 0001f000 08:02 659464                     /home/joliveira/.m2/repository/com/netflix/archaius/archaius-core/0.7.6/archaius-core-0.7.6.jar
7ff0dc552000-7ff0dc565000 r--s 000df000 08:02 660284                     /home/joliveira/.m2/repository/org/apache/commons/commons-math/2.2/commons-math-2.2.jar
7ff0dc565000-7ff0dc56a000 r--s 00036000 08:02 660282                     /home/joliveira/.m2/repository/com/google/code/gson/gson/2.8.5/gson-2.8.5.jar
7ff0dc56a000-7ff0dc56d000 r--s 00022000 08:02 660280                     /home/joliveira/.m2/repository/org/antlr/stringtemplate/3.2.1/stringtemplate-3.2.1.jar
7ff0dc56d000-7ff0dc571000 r--s 00025000 08:02 660278                     /home/joliveira/.m2/repository/org/antlr/antlr-runtime/3.4/antlr-runtime-3.4.jar
7ff0dc571000-7ff0dc581000 r--s 0008d000 08:02 9175578                    /home/joliveira/.m2/repository/joda-time/joda-time/2.10.3/joda-time-2.10.3.jar
7ff0dc581000-7ff0dc587000 r--s 00044000 08:02 9175576                    /home/joliveira/.m2/repository/commons-jxpath/commons-jxpath/1.3/commons-jxpath-1.3.jar
7ff0dc587000-7ff0dc58a000 r--s 00016000 08:02 660276                     /home/joliveira/.m2/repository/com/netflix/netflix-commons/netflix-infix/0.3.0/netflix-infix-0.3.0.jar
7ff0dc58a000-7ff0dc58c000 r--s 0000f000 08:02 660274                     /home/joliveira/.m2/repository/com/netflix/netflix-commons/netflix-eventbus/0.3.0/netflix-eventbus-0.3.0.jar
7ff0dc58c000-7ff0dc58e000 r--s 00005000 08:02 9047760                    /home/joliveira/.m2/repository/stax/stax-api/1.0.1/stax-api-1.0.1.jar
7ff0dc58e000-7ff0dc591000 r--s 00012000 08:02 660272                     /home/joliveira/.m2/repository/org/codehaus/jettison/jettison/1.3.7/jettison-1.3.7.jar
7ff0dc591000-7ff0dc59b000 r--s 00062000 08:02 660270                     /home/joliveira/.m2/repository/com/netflix/eureka/eureka-client/1.9.12/eureka-client-1.9.12.jar
7ff0dc59b000-7ff0dc59e000 r--s 00016000 08:02 660268                     /home/joliveira/.m2/repository/org/springframework/cloud/spring-cloud-netflix-eureka-client/2.1.2.RELEASE/spring-cloud-netflix-eureka-client-2.1.2.RELEASE.jar
7ff0dc59e000-7ff0dc5a1000 r--s 00005000 08:02 660266                     /home/joliveira/.m2/repository/org/springframework/cloud/spring-cloud-netflix-hystrix/2.1.2.RELEASE/spring-cloud-netflix-hystrix-2.1.2.RELEASE.jar
7ff0dc5a1000-7ff0dc5f9000 r--s 003a7000 08:02 659445                     /home/joliveira/.m2/repository/org/bouncycastle/bcprov-jdk15on/1.60/bcprov-jdk15on-1.60.jar
7ff0dc5f9000-7ff0dc60c000 r--s 000b0000 08:02 659360                     /home/joliveira/.m2/repository/org/bouncycastle/bcpkix-jdk15on/1.60/bcpkix-jdk15on-1.60.jar
7ff0dc60c000-7ff0dc60d000 r--s 00004000 08:02 659444                     /home/joliveira/.m2/repository/org/springframework/security/spring-security-rsa/1.0.7.RELEASE/spring-security-rsa-1.0.7.RELEASE.jar
7ff0dc60d000-7ff0dc613000 r--s 0001f000 08:02 659459                     /home/joliveira/.m2/repository/org/springframework/cloud/spring-cloud-commons/2.1.2.RELEASE/spring-cloud-commons-2.1.2.RELEASE.jar
7ff0dc613000-7ff0dc615000 r--s 00010000 08:02 659451                     /home/joliveira/.m2/repository/org/springframework/security/spring-security-crypto/5.1.6.RELEASE/spring-security-crypto-5.1.6.RELEASE.jar
7ff0dc615000-7ff0dc618000 r--s 00019000 08:02 659442                     /home/joliveira/.m2/repository/org/springframework/cloud/spring-cloud-context/2.1.2.RELEASE/spring-cloud-context-2.1.2.RELEASE.jar
7ff0dc618000-7ff0dc619000 r--s 00000000 08:02 659440                     /home/joliveira/.m2/repository/org/springframework/cloud/spring-cloud-starter/2.1.2.RELEASE/spring-cloud-starter-2.1.2.RELEASE.jar
7ff0dc619000-7ff0dc61a000 r--s 00000000 08:02 660503                     /home/joliveira/.m2/repository/org/springframework/cloud/spring-cloud-starter-netflix-eureka-client/2.1.2.RELEASE/spring-cloud-starter-netflix-eureka-client-2.1.2.RELEASE.jar
7ff0dc61a000-7ff0dc61b000 r--s 00005000 08:02 659112                     /home/joliveira/.m2/repository/org/springframework/spring-jcl/5.1.9.RELEASE/spring-jcl-5.1.9.RELEASE.jar
7ff0dc61b000-7ff0dc634000 r--s 00123000 08:02 659110                     /home/joliveira/.m2/repository/org/springframework/spring-core/5.1.9.RELEASE/spring-core-5.1.9.RELEASE.jar
7ff0dc634000-7ff0dc647000 r--s 00201000 08:02 659100                     /home/joliveira/.m2/repository/com/h2database/h2/1.4.199/h2-1.4.199.jar
7ff0dc647000-7ff0dc66b000 r--s 00112000 08:02 659098                     /home/joliveira/.m2/repository/org/springframework/boot/spring-boot-autoconfigure/2.1.7.RELEASE/spring-boot-autoconfigure-2.1.7.RELEASE.jar
7ff0dc66b000-7ff0dc680000 r--s 000d5000 08:02 659096                     /home/joliveira/.m2/repository/org/springframework/boot/spring-boot/2.1.7.RELEASE/spring-boot-2.1.7.RELEASE.jar
7ff0dc680000-7ff0dc686000 r--s 0002e000 08:02 659094                     /home/joliveira/.m2/repository/org/springframework/boot/spring-boot-devtools/2.1.7.RELEASE/spring-boot-devtools-2.1.7.RELEASE.jar
7ff0dc686000-7ff0dc68b000 r--s 00040000 08:02 659092                     /home/joliveira/.m2/repository/org/springframework/spring-expression/5.1.9.RELEASE/spring-expression-5.1.9.RELEASE.jar
7ff0dc68b000-7ff0dc69a000 r--s 000b5000 08:02 659090                     /home/joliveira/.m2/repository/org/springframework/spring-webmvc/5.1.9.RELEASE/spring-webmvc-5.1.9.RELEASE.jar
7ff0dc69a000-7ff0dc6b6000 r--s 00137000 08:02 659088                     /home/joliveira/.m2/repository/org/springframework/spring-web/5.1.9.RELEASE/spring-web-5.1.9.RELEASE.jar
7ff0dc6b6000-7ff0dc6bb000 r--s 00012000 08:02 656141                     /home/joliveira/.m2/repository/javax/validation/validation-api/2.0.1.Final/validation-api-2.0.1.Final.jar
7ff0dc6bb000-7ff0dc6d8000 r--s 000fe000 08:02 656135                     /home/joliveira/.m2/repository/org/hibernate/validator/hibernate-validator/6.0.17.Final/hibernate-validator-6.0.17.Final.jar
7ff0dc6d8000-7ff0dc6dd000 r--s 0003c000 08:02 659086                     /home/joliveira/.m2/repository/org/apache/tomcat/embed/tomcat-embed-websocket/9.0.22/tomcat-embed-websocket-9.0.22.jar
7ff0dc6dd000-7ff0dc6e2000 r--s 00039000 08:02 659084                     /home/joliveira/.m2/repository/org/apache/tomcat/embed/tomcat-embed-el/9.0.22/tomcat-embed-el-9.0.22.jar
7ff0dc6e2000-7ff0dc70d000 r--s 00307000 08:02 659082                     /home/joliveira/.m2/repository/org/apache/tomcat/embed/tomcat-embed-core/9.0.22/tomcat-embed-core-9.0.22.jar
7ff0dc70d000-7ff0dc70e000 r--s 00000000 08:02 659080                     /home/joliveira/.m2/repository/org/springframework/boot/spring-boot-starter-tomcat/2.1.7.RELEASE/spring-boot-starter-tomcat-2.1.7.RELEASE.jar
7ff0dc70e000-7ff0dc710000 r--s 00001000 08:02 656117                     /home/joliveira/.m2/repository/com/fasterxml/jackson/module/jackson-module-parameter-names/2.9.9/jackson-module-parameter-names-2.9.9.jar
7ff0dc710000-7ff0dc713000 r--s 00016000 08:02 656094                     /home/joliveira/.m2/repository/com/fasterxml/jackson/datatype/jackson-datatype-jsr310/2.9.9/jackson-datatype-jsr310-2.9.9.jar
7ff0dc713000-7ff0dc715000 r--s 00007000 08:02 656114                     /home/joliveira/.m2/repository/com/fasterxml/jackson/datatype/jackson-datatype-jdk8/2.9.9/jackson-datatype-jdk8-2.9.9.jar
7ff0dc715000-7ff0dc728000 r--s 00137000 08:02 656072                     /home/joliveira/.m2/repository/com/fasterxml/jackson/core/jackson-databind/2.9.9/jackson-databind-2.9.9.jar
7ff0dc728000-7ff0dc729000 r--s 00000000 08:02 659078                     /home/joliveira/.m2/repository/org/springframework/boot/spring-boot-starter-json/2.1.7.RELEASE/spring-boot-starter-json-2.1.7.RELEASE.jar
7ff0dc729000-7ff0dc730000 r--s 00043000 08:02 656058                     /home/joliveira/.m2/repository/org/yaml/snakeyaml/1.23/snakeyaml-1.23.jar
7ff0dc730000-7ff0dc732000 r--s 00005000 08:02 656052                     /home/joliveira/.m2/repository/javax/annotation/javax.annotation-api/1.3.2/javax.annotation-api-1.3.2.jar
7ff0dc732000-7ff0dc734000 r--s 00000000 08:02 656048                     /home/joliveira/.m2/repository/org/slf4j/jul-to-slf4j/1.7.26/jul-to-slf4j-1.7.26.jar
7ff0dc734000-7ff0dc73a000 r--s 0003c000 08:02 656043                     /home/joliveira/.m2/repository/org/apache/logging/log4j/log4j-api/2.11.2/log4j-api-2.11.2.jar
7ff0dc73a000-7ff0dc73c000 r--s 00003000 08:02 656040                     /home/joliveira/.m2/repository/org/apache/logging/log4j/log4j-to-slf4j/2.11.2/log4j-to-slf4j-2.11.2.jar
7ff0dc73c000-7ff0dc747000 r--s 00069000 08:02 9751659                    /home/joliveira/.m2/repository/ch/qos/logback/logback-core/1.2.3/logback-core-1.2.3.jar
7ff0dc747000-7ff0dc74d000 r--s 00041000 08:02 9751657                    /home/joliveira/.m2/repository/ch/qos/logback/logback-classic/1.2.3/logback-classic-1.2.3.jar
7ff0dc74d000-7ff0dc74e000 r--s 00000000 08:02 659076                     /home/joliveira/.m2/repository/org/springframework/boot/spring-boot-starter-logging/2.1.7.RELEASE/spring-boot-starter-logging-2.1.7.RELEASE.jar
7ff0dc74e000-7ff0dc74f000 r--s 00000000 08:02 659074                     /home/joliveira/.m2/repository/org/springframework/boot/spring-boot-starter/2.1.7.RELEASE/spring-boot-starter-2.1.7.RELEASE.jar
7ff0dc74f000-7ff0dc751000 r--s 0000a000 08:02 659070                     /home/joliveira/.m2/repository/org/springframework/spring-aspects/5.1.9.RELEASE/spring-aspects-5.1.9.RELEASE.jar
7ff0dc751000-7ff0dc753000 r--s 00009000 08:02 656194                     /home/joliveira/.m2/repository/org/slf4j/slf4j-api/1.7.26/slf4j-api-1.7.26.jar
7ff0dc753000-7ff0dc75f000 r--s 00099000 08:02 659068                     /home/joliveira/.m2/repository/org/springframework/spring-beans/5.1.9.RELEASE/spring-beans-5.1.9.RELEASE.jar
7ff0dc75f000-7ff0dc767000 r--s 00037000 08:02 659066                     /home/joliveira/.m2/repository/org/springframework/spring-tx/5.1.9.RELEASE/spring-tx-5.1.9.RELEASE.jar
7ff0dc767000-7ff0dc781000 r--s 000f4000 08:02 659064                     /home/joliveira/.m2/repository/org/springframework/spring-context/5.1.9.RELEASE/spring-context-5.1.9.RELEASE.jar
7ff0dc781000-7ff0dc785000 r--s 0002d000 08:02 659062                     /home/joliveira/.m2/repository/org/springframework/spring-orm/5.1.9.RELEASE/spring-orm-5.1.9.RELEASE.jar
7ff0dc785000-7ff0dc79e000 r--s 00107000 08:02 659060                     /home/joliveira/.m2/repository/org/springframework/data/spring-data-commons/2.1.10.RELEASE/spring-data-commons-2.1.10.RELEASE.jar
7ff0dc79e000-7ff0dc7a7000 r--s 00050000 08:02 659058                     /home/joliveira/.m2/repository/org/springframework/data/spring-data-jpa/2.1.10.RELEASE/spring-data-jpa-2.1.10.RELEASE.jar
7ff0dc7a7000-7ff0dc7aa000 r--s 00010000 08:02 659056                     /home/joliveira/.m2/repository/org/hibernate/common/hibernate-commons-annotations/5.0.4.Final/hibernate-commons-annotations-5.0.4.Final.jar
7ff0dc7aa000-7ff0dc7af000 r--s 0004b000 08:02 659054                     /home/joliveira/.m2/repository/org/dom4j/dom4j/2.1.1/dom4j-2.1.1.jar
7ff0dc7af000-7ff0dc7b2000 r--s 0002b000 08:02 659052                     /home/joliveira/.m2/repository/org/jboss/jandex/2.0.5.Final/jandex-2.0.5.Final.jar
7ff0dc7b2000-7ff0dc7fa000 r--s 002de000 08:02 659050                     /home/joliveira/.m2/repository/net/bytebuddy/byte-buddy/1.9.16/byte-buddy-1.9.16.jar
7ff0dc7fa000-7ff0dc805000 r--s 000b2000 08:02 659048                     /home/joliveira/.m2/repository/org/javassist/javassist/3.23.2-GA/javassist-3.23.2-GA.jar
7ff0dc805000-7ff0dc80b000 r--s 00023000 08:02 659046                     /home/joliveira/.m2/repository/javax/persistence/javax.persistence-api/2.2/javax.persistence-api-2.2.jar
7ff0dc80b000-7ff0dc88d000 r--s 00627000 08:02 659044                     /home/joliveira/.m2/repository/org/hibernate/hibernate-core/5.3.10.Final/hibernate-core-5.3.10.Final.jar
7ff0dc88d000-7ff0dc8a6000 r--s 001da000 08:02 659030                     /home/joliveira/.m2/repository/org/aspectj/aspectjweaver/1.9.4/aspectjweaver-1.9.4.jar
7ff0dc8a6000-7ff0dc8b7000 r-xp 00000000 08:02 5394702                    /usr/lib/jvm/java-8-oracle/jre/lib/amd64/libnio.so
7ff0dc8b7000-7ff0dcab6000 ---p 00011000 08:02 5394702                    /usr/lib/jvm/java-8-oracle/jre/lib/amd64/libnio.so
7ff0dcab6000-7ff0dcab7000 r--p 00010000 08:02 5394702                    /usr/lib/jvm/java-8-oracle/jre/lib/amd64/libnio.so
7ff0dcab7000-7ff0dcab8000 rw-p 00011000 08:02 5394702                    /usr/lib/jvm/java-8-oracle/jre/lib/amd64/libnio.so
7ff0dcab8000-7ff0dcace000 r-xp 00000000 08:02 5394696                    /usr/lib/jvm/java-8-oracle/jre/lib/amd64/libnet.so
7ff0dcace000-7ff0dcccd000 ---p 00016000 08:02 5394696                    /usr/lib/jvm/java-8-oracle/jre/lib/amd64/libnet.so
7ff0dcccd000-7ff0dccce000 r--p 00015000 08:02 5394696                    /usr/lib/jvm/java-8-oracle/jre/lib/amd64/libnet.so
7ff0dccce000-7ff0dcccf000 rw-p 00016000 08:02 5394696                    /usr/lib/jvm/java-8-oracle/jre/lib/amd64/libnet.so
7ff0dcccf000-7ff0dccd7000 r-xp 00000000 08:02 5394712                    /usr/lib/jvm/java-8-oracle/jre/lib/amd64/libmanagement.so
7ff0dccd7000-7ff0dced7000 ---p 00008000 08:02 5394712                    /usr/lib/jvm/java-8-oracle/jre/lib/amd64/libmanagement.so
7ff0dced7000-7ff0dced8000 r--p 00008000 08:02 5394712                    /usr/lib/jvm/java-8-oracle/jre/lib/amd64/libmanagement.so
7ff0dced8000-7ff0dced9000 rw-p 00009000 08:02 5394712                    /usr/lib/jvm/java-8-oracle/jre/lib/amd64/libmanagement.so
7ff0dced9000-7ff0dcedc000 ---p 00000000 00:00 0 
7ff0dcedc000-7ff0dcfda000 rw-p 00000000 00:00 0 
7ff0dcfda000-7ff0dcfdb000 ---p 00000000 00:00 0 
7ff0dcfdb000-7ff0dcfde000 ---p 00000000 00:00 0 
7ff0dcfde000-7ff0dd0db000 rw-p 00000000 00:00 0 
7ff0dd0db000-7ff0dd0dc000 ---p 00000000 00:00 0 
7ff0dd0dc000-7ff0dd0df000 ---p 00000000 00:00 0 
7ff0dd0df000-7ff0dd1dc000 rw-p 00000000 00:00 0 
7ff0dd1dc000-7ff0dd1dd000 ---p 00000000 00:00 0 
7ff0dd1dd000-7ff0dd1e0000 ---p 00000000 00:00 0 
7ff0dd1e0000-7ff0dd2dd000 rw-p 00000000 00:00 0 
7ff0dd2dd000-7ff0dd2e0000 ---p 00000000 00:00 0 
7ff0dd2e0000-7ff0dd3de000 rw-p 00000000 00:00 0 
7ff0dd3de000-7ff0dd932000 r--p 00000000 08:02 3283253                    /usr/lib/locale/locale-archive
7ff0dd932000-7ff0dd935000 ---p 00000000 00:00 0 
7ff0dd935000-7ff0dda33000 rw-p 00000000 00:00 0 
7ff0dda33000-7ff0dda36000 ---p 00000000 00:00 0 
7ff0dda36000-7ff0ddb34000 rw-p 00000000 00:00 0 
7ff0ddb34000-7ff0ddb35000 ---p 00000000 00:00 0 
7ff0ddb35000-7ff0debd5000 rw-p 00000000 00:00 0 
7ff0debd5000-7ff0dedaf000 r--s 03d6c000 08:02 4202512                    /usr/lib/jvm/java-8-oracle/jre/lib/rt.jar
7ff0dedaf000-7ff0df984000 rw-p 00000000 00:00 0 
7ff0df984000-7ff0df985000 ---p 00000000 00:00 0 
7ff0df985000-7ff0dfa85000 rw-p 00000000 00:00 0 
7ff0dfa85000-7ff0dfa86000 ---p 00000000 00:00 0 
7ff0dfa86000-7ff0dfb86000 rw-p 00000000 00:00 0 
7ff0dfb86000-7ff0dfb87000 ---p 00000000 00:00 0 
7ff0dfb87000-7ff0dfc87000 rw-p 00000000 00:00 0 
7ff0dfc87000-7ff0dfc88000 ---p 00000000 00:00 0 
7ff0dfc88000-7ff0dfda0000 rw-p 00000000 00:00 0 
7ff0dfda0000-7ff0e0016000 ---p 00000000 00:00 0 
7ff0e0016000-7ff0e002e000 rw-p 00000000 00:00 0 
7ff0e002e000-7ff0e02a4000 ---p 00000000 00:00 0 
7ff0e02a4000-7ff0e02ed000 rw-p 00000000 00:00 0 
7ff0e02ed000-7ff0e03eb000 ---p 00000000 00:00 0 
7ff0e03eb000-7ff0e0400000 rw-p 00000000 00:00 0 
7ff0e0400000-7ff0e07ac000 ---p 00000000 00:00 0 
7ff0e07ac000-7ff0e0c7c000 rwxp 00000000 00:00 0 
7ff0e0c7c000-7ff0ef7ac000 ---p 00000000 00:00 0 
7ff0ef7ac000-7ff0ef7c6000 r-xp 00000000 08:02 5394688                    /usr/lib/jvm/java-8-oracle/jre/lib/amd64/libzip.so
7ff0ef7c6000-7ff0ef9c6000 ---p 0001a000 08:02 5394688                    /usr/lib/jvm/java-8-oracle/jre/lib/amd64/libzip.so
7ff0ef9c6000-7ff0ef9c7000 r--p 0001a000 08:02 5394688                    /usr/lib/jvm/java-8-oracle/jre/lib/amd64/libzip.so
7ff0ef9c7000-7ff0ef9c8000 rw-p 0001b000 08:02 5394688                    /usr/lib/jvm/java-8-oracle/jre/lib/amd64/libzip.so
7ff0ef9c8000-7ff0ef9d3000 r-xp 00000000 08:02 3936958                    /lib/x86_64-linux-gnu/libnss_files-2.27.so
7ff0ef9d3000-7ff0efbd2000 ---p 0000b000 08:02 3936958                    /lib/x86_64-linux-gnu/libnss_files-2.27.so
7ff0efbd2000-7ff0efbd3000 r--p 0000a000 08:02 3936958                    /lib/x86_64-linux-gnu/libnss_files-2.27.so
7ff0efbd3000-7ff0efbd4000 rw-p 0000b000 08:02 3936958                    /lib/x86_64-linux-gnu/libnss_files-2.27.so
7ff0efbd4000-7ff0efbda000 rw-p 00000000 00:00 0 
7ff0efbda000-7ff0efbf1000 r-xp 00000000 08:02 3936952                    /lib/x86_64-linux-gnu/libnsl-2.27.so
7ff0efbf1000-7ff0efdf0000 ---p 00017000 08:02 3936952                    /lib/x86_64-linux-gnu/libnsl-2.27.so
7ff0efdf0000-7ff0efdf1000 r--p 00016000 08:02 3936952                    /lib/x86_64-linux-gnu/libnsl-2.27.so
7ff0efdf1000-7ff0efdf2000 rw-p 00017000 08:02 3936952                    /lib/x86_64-linux-gnu/libnsl-2.27.so
7ff0efdf2000-7ff0efdf4000 rw-p 00000000 00:00 0 
7ff0efdf4000-7ff0efdff000 r-xp 00000000 08:02 3936969                    /lib/x86_64-linux-gnu/libnss_nis-2.27.so
7ff0efdff000-7ff0efffe000 ---p 0000b000 08:02 3936969                    /lib/x86_64-linux-gnu/libnss_nis-2.27.so
7ff0efffe000-7ff0effff000 r--p 0000a000 08:02 3936969                    /lib/x86_64-linux-gnu/libnss_nis-2.27.so
7ff0effff000-7ff0f0000000 rw-p 0000b000 08:02 3936969                    /lib/x86_64-linux-gnu/libnss_nis-2.27.so
7ff0f0000000-7ff0f09bf000 rw-p 00000000 00:00 0 
7ff0f09bf000-7ff0f4000000 ---p 00000000 00:00 0 
7ff0f4000000-7ff0f4005000 r--s 00068000 08:02 10966291                   /home/joliveira/.m2/repository/antlr/antlr/2.7.7/antlr-2.7.7.jar
7ff0f4005000-7ff0f40bd000 rw-p 00000000 00:00 0 
7ff0f40bd000-7ff0f40c5000 r-xp 00000000 08:02 3936954                    /lib/x86_64-linux-gnu/libnss_compat-2.27.so
7ff0f40c5000-7ff0f42c5000 ---p 00008000 08:02 3936954                    /lib/x86_64-linux-gnu/libnss_compat-2.27.so
7ff0f42c5000-7ff0f42c6000 r--p 00008000 08:02 3936954                    /lib/x86_64-linux-gnu/libnss_compat-2.27.so
7ff0f42c6000-7ff0f42c7000 rw-p 00009000 08:02 3936954                    /lib/x86_64-linux-gnu/libnss_compat-2.27.so
7ff0f42c7000-7ff0f42f4000 r-xp 00000000 08:02 5394676                    /usr/lib/jvm/java-8-oracle/jre/lib/amd64/libjava.so
7ff0f42f4000-7ff0f44f3000 ---p 0002d000 08:02 5394676                    /usr/lib/jvm/java-8-oracle/jre/lib/amd64/libjava.so
7ff0f44f3000-7ff0f44f4000 r--p 0002c000 08:02 5394676                    /usr/lib/jvm/java-8-oracle/jre/lib/amd64/libjava.so
7ff0f44f4000-7ff0f44f6000 rw-p 0002d000 08:02 5394676                    /usr/lib/jvm/java-8-oracle/jre/lib/amd64/libjava.so
7ff0f44f6000-7ff0f4503000 r-xp 00000000 08:02 5394686                    /usr/lib/jvm/java-8-oracle/jre/lib/amd64/libverify.so
7ff0f4503000-7ff0f4702000 ---p 0000d000 08:02 5394686                    /usr/lib/jvm/java-8-oracle/jre/lib/amd64/libverify.so
7ff0f4702000-7ff0f4704000 r--p 0000c000 08:02 5394686                    /usr/lib/jvm/java-8-oracle/jre/lib/amd64/libverify.so
7ff0f4704000-7ff0f4705000 rw-p 0000e000 08:02 5394686                    /usr/lib/jvm/java-8-oracle/jre/lib/amd64/libverify.so
7ff0f4705000-7ff0f470c000 r-xp 00000000 08:02 3937009                    /lib/x86_64-linux-gnu/librt-2.27.so
7ff0f470c000-7ff0f490b000 ---p 00007000 08:02 3937009                    /lib/x86_64-linux-gnu/librt-2.27.so
7ff0f490b000-7ff0f490c000 r--p 00006000 08:02 3937009                    /lib/x86_64-linux-gnu/librt-2.27.so
7ff0f490c000-7ff0f490d000 rw-p 00007000 08:02 3937009                    /lib/x86_64-linux-gnu/librt-2.27.so
7ff0f490d000-7ff0f4aaa000 r-xp 00000000 08:02 3936931                    /lib/x86_64-linux-gnu/libm-2.27.so
7ff0f4aaa000-7ff0f4ca9000 ---p 0019d000 08:02 3936931                    /lib/x86_64-linux-gnu/libm-2.27.so
7ff0f4ca9000-7ff0f4caa000 r--p 0019c000 08:02 3936931                    /lib/x86_64-linux-gnu/libm-2.27.so
7ff0f4caa000-7ff0f4cab000 rw-p 0019d000 08:02 3936931                    /lib/x86_64-linux-gnu/libm-2.27.so
7ff0f4cab000-7ff0f598d000 r-xp 00000000 08:02 5506632                    /usr/lib/jvm/java-8-oracle/jre/lib/amd64/server/libjvm.so
7ff0f598d000-7ff0f5b8d000 ---p 00ce2000 08:02 5506632                    /usr/lib/jvm/java-8-oracle/jre/lib/amd64/server/libjvm.so
7ff0f5b8d000-7ff0f5c23000 r--p 00ce2000 08:02 5506632                    /usr/lib/jvm/java-8-oracle/jre/lib/amd64/server/libjvm.so
7ff0f5c23000-7ff0f5c54000 rw-p 00d78000 08:02 5506632                    /usr/lib/jvm/java-8-oracle/jre/lib/amd64/server/libjvm.so
7ff0f5c54000-7ff0f5c8f000 rw-p 00000000 00:00 0 
7ff0f5c8f000-7ff0f5e76000 r-xp 00000000 08:02 3936868                    /lib/x86_64-linux-gnu/libc-2.27.so
7ff0f5e76000-7ff0f6076000 ---p 001e7000 08:02 3936868                    /lib/x86_64-linux-gnu/libc-2.27.so
7ff0f6076000-7ff0f607a000 r--p 001e7000 08:02 3936868                    /lib/x86_64-linux-gnu/libc-2.27.so
7ff0f607a000-7ff0f607c000 rw-p 001eb000 08:02 3936868                    /lib/x86_64-linux-gnu/libc-2.27.so
7ff0f607c000-7ff0f6080000 rw-p 00000000 00:00 0 
7ff0f6080000-7ff0f6083000 r-xp 00000000 08:02 3936891                    /lib/x86_64-linux-gnu/libdl-2.27.so
7ff0f6083000-7ff0f6282000 ---p 00003000 08:02 3936891                    /lib/x86_64-linux-gnu/libdl-2.27.so
7ff0f6282000-7ff0f6283000 r--p 00002000 08:02 3936891                    /lib/x86_64-linux-gnu/libdl-2.27.so
7ff0f6283000-7ff0f6284000 rw-p 00003000 08:02 3936891                    /lib/x86_64-linux-gnu/libdl-2.27.so
7ff0f6284000-7ff0f629b000 r-xp 00000000 08:02 4196474                    /usr/lib/jvm/java-8-oracle/lib/amd64/jli/libjli.so
7ff0f629b000-7ff0f649a000 ---p 00017000 08:02 4196474                    /usr/lib/jvm/java-8-oracle/lib/amd64/jli/libjli.so
7ff0f649a000-7ff0f649b000 r--p 00016000 08:02 4196474                    /usr/lib/jvm/java-8-oracle/lib/amd64/jli/libjli.so
7ff0f649b000-7ff0f649c000 rw-p 00017000 08:02 4196474                    /usr/lib/jvm/java-8-oracle/lib/amd64/jli/libjli.so
7ff0f649c000-7ff0f64b6000 r-xp 00000000 08:02 3937001                    /lib/x86_64-linux-gnu/libpthread-2.27.so
7ff0f64b6000-7ff0f66b5000 ---p 0001a000 08:02 3937001                    /lib/x86_64-linux-gnu/libpthread-2.27.so
7ff0f66b5000-7ff0f66b6000 r--p 00019000 08:02 3937001                    /lib/x86_64-linux-gnu/libpthread-2.27.so
7ff0f66b6000-7ff0f66b7000 rw-p 0001a000 08:02 3937001                    /lib/x86_64-linux-gnu/libpthread-2.27.so
7ff0f66b7000-7ff0f66bb000 rw-p 00000000 00:00 0 
7ff0f66bb000-7ff0f66e2000 r-xp 00000000 08:02 3936840                    /lib/x86_64-linux-gnu/ld-2.27.so
7ff0f66e2000-7ff0f66e4000 r--s 0000f000 08:02 656149                     /home/joliveira/.m2/repository/com/fasterxml/classmate/1.4.0/classmate-1.4.0.jar
7ff0f66e4000-7ff0f66e6000 r--s 0000f000 08:02 656145                     /home/joliveira/.m2/repository/org/jboss/logging/jboss-logging/3.3.2.Final/jboss-logging-3.3.2.Final.jar
7ff0f66e6000-7ff0f66e8000 r--s 0000c000 08:02 659042                     /home/joliveira/.m2/repository/javax/activation/javax.activation-api/1.2.0/javax.activation-api-1.2.0.jar
7ff0f66e8000-7ff0f66ec000 r--s 0001c000 08:02 659040                     /home/joliveira/.m2/repository/javax/xml/bind/jaxb-api/2.3.1/jaxb-api-2.3.1.jar
7ff0f66ec000-7ff0f66f5000 r--s 0005a000 08:02 659036                     /home/joliveira/.m2/repository/org/springframework/spring-jdbc/5.1.9.RELEASE/spring-jdbc-5.1.9.RELEASE.jar
7ff0f66f5000-7ff0f66f9000 r--s 00020000 08:02 659034                     /home/joliveira/.m2/repository/com/zaxxer/HikariCP/3.2.0/HikariCP-3.2.0.jar
7ff0f66f9000-7ff0f67c4000 rw-p 00000000 00:00 0 
7ff0f67c4000-7ff0f67c5000 ---p 00000000 00:00 0 
7ff0f67c5000-7ff0f67c8000 ---p 00000000 00:00 0 
7ff0f67c8000-7ff0f68c9000 rw-p 00000000 00:00 0 
7ff0f68c9000-7ff0f68ca000 r--s 00000000 08:02 659072                     /home/joliveira/.m2/repository/org/springframework/boot/spring-boot-starter-web/2.1.7.RELEASE/spring-boot-starter-web-2.1.7.RELEASE.jar
7ff0f68ca000-7ff0f68cb000 r--s 00006000 08:02 659038                     /home/joliveira/.m2/repository/javax/transaction/javax.transaction-api/1.3/javax.transaction-api-1.3.jar
7ff0f68cb000-7ff0f68cc000 r--s 00000000 08:02 659032                     /home/joliveira/.m2/repository/org/springframework/boot/spring-boot-starter-jdbc/2.1.7.RELEASE/spring-boot-starter-jdbc-2.1.7.RELEASE.jar
7ff0f68cc000-7ff0f68d6000 r--s 00051000 08:02 659028                     /home/joliveira/.m2/repository/org/springframework/spring-aop/5.1.9.RELEASE/spring-aop-5.1.9.RELEASE.jar
7ff0f68d6000-7ff0f68d7000 r--s 00000000 08:02 659026                     /home/joliveira/.m2/repository/org/springframework/boot/spring-boot-starter-aop/2.1.7.RELEASE/spring-boot-starter-aop-2.1.7.RELEASE.jar
7ff0f68d7000-7ff0f68d8000 r--s 00000000 08:02 659024                     /home/joliveira/.m2/repository/org/springframework/boot/spring-boot-starter-data-jpa/2.1.7.RELEASE/spring-boot-starter-data-jpa-2.1.7.RELEASE.jar
7ff0f68d8000-7ff0f68e0000 rw-s 00000000 08:02 13109995                   /tmp/hsperfdata_joliveira/2674
7ff0f68e0000-7ff0f68e1000 rw-p 00000000 00:00 0 
7ff0f68e1000-7ff0f68e2000 ---p 00000000 00:00 0 
7ff0f68e2000-7ff0f68e3000 r--p 00027000 08:02 3936840                    /lib/x86_64-linux-gnu/ld-2.27.so
7ff0f68e3000-7ff0f68e4000 rw-p 00028000 08:02 3936840                    /lib/x86_64-linux-gnu/ld-2.27.so
7ff0f68e4000-7ff0f68e5000 rw-p 00000000 00:00 0 
7ffe939b2000-7ffe939d6000 rw-p 00000000 00:00 0                          [stack]
7ffe939ed000-7ffe939f0000 r--p 00000000 00:00 0                          [vvar]
7ffe939f0000-7ffe939f2000 r-xp 00000000 00:00 0                          [vdso]
ffffffffff600000-ffffffffff601000 r-xp 00000000 00:00 0                  [vsyscall]

VM Arguments:
jvm_args: -Dcom.sun.management.jmxremote -Dcom.sun.management.jmxremote.port=45775 -Dcom.sun.management.jmxremote.authenticate=false -Dcom.sun.management.jmxremote.ssl=false -Djava.rmi.server.hostname=localhost -Dspring.application.admin.enabled=true -Djava.security.egd=file:/dev/./urandom -Xverify:none -XX:TieredStopAtLevel=1 -Dfile.encoding=UTF-8 
java_command: com.capacitacion.springboot.app.productos.SpringbootServicioProductosApplication
java_class_path (initial): /home/joliveira/Escritorio/SMS/CAPACITACION/spring-cloud/workspace/springboot-servicio-productos/target/classes:/home/joliveira/Escritorio/SMS/CAPACITACION/spring-cloud/workspace/springboot-servicio-commons/target/classes:/home/joliveira/.m2/repository/org/springframework/boot/spring-boot-starter-data-jpa/2.1.7.RELEASE/spring-boot-starter-data-jpa-2.1.7.RELEASE.jar:/home/joliveira/.m2/repository/org/springframework/boot/spring-boot-starter-aop/2.1.7.RELEASE/spring-boot-starter-aop-2.1.7.RELEASE.jar:/home/joliveira/.m2/repository/org/springframework/spring-aop/5.1.9.RELEASE/spring-aop-5.1.9.RELEASE.jar:/home/joliveira/.m2/repository/org/aspectj/aspectjweaver/1.9.4/aspectjweaver-1.9.4.jar:/home/joliveira/.m2/repository/org/springframework/boot/spring-boot-starter-jdbc/2.1.7.RELEASE/spring-boot-starter-jdbc-2.1.7.RELEASE.jar:/home/joliveira/.m2/repository/com/zaxxer/HikariCP/3.2.0/HikariCP-3.2.0.jar:/home/joliveira/.m2/repository/org/springframework/spring-jdbc/5.1.9.RELEASE/spring-jdbc-5.1.9.RELEASE.jar:/home/joliveira/.m2/repository/javax/transaction/javax.transaction-api/1.3/javax.transaction-api-1.3.jar:/home/joliveira/.m2/repository/javax/xml/bind/jaxb-api/2.3.1/jaxb-api-2.3.1.jar:/home/joliveira/.m2/repository/javax/activation/javax.activation-api/1.2.0/javax.activation-api-1.2.0.jar:/home/joliveira/.m2/repository/org/hibernate/hibernate-core/5.3.10.Final/hibernate-core-5.3.10.Final.jar:/home/joliveira/.m2/repository/org/jboss/logging/jboss-logging/3.3.2.Final/jboss-logging-3.3.2.Final.jar:/home/joliveira/.m2/repository/javax/persistence/javax.persistence-api/2.2/javax.persistence-api-2.2.jar:/home/joliveira/.m2/repository/org/javassist/javassist/3.23.2-GA/javassist-3.23.2-GA.jar:/home/joliveira/.m2/repository/net/bytebuddy/byte-buddy/1.9.16/byte-buddy-1.9.16.jar:/home/joliveira/.m2/repository/antlr/antlr/2.7.7/antlr-2.7.7.jar:/home/joliveira/.m2/repository/org/jboss/jandex/2.0.5.Final/jandex-2.0.5.Final.jar:/home/joliveira/.m2/reposi
Launcher Type: SUN_STANDARD

Environment Variables:
JAVA_HOME=/usr/lib/jvm/java-8-oracle
CLASSPATH=.
PATH=/home/joliveira/.local/bin:/opt/maven/bin:/opt/ant/bin:/usr/local/sbin:/usr/local/bin:/usr/sbin:/usr/bin:/sbin:/bin:/usr/games:/usr/local/games:/snap/bin:/usr/lib/jvm/java-8-oracle/bin:/usr/lib/jvm/java-8-oracle/db/bin:/usr/lib/jvm/java-8-oracle/jre/bin:/usr/local/go/bin
SHELL=/bin/bash
DISPLAY=:0

Signal Handlers:
SIGSEGV: [libjvm.so+0xaced60], sa_mask[0]=11111111011111111101111111111110, sa_flags=SA_RESTART|SA_SIGINFO
SIGBUS: [libjvm.so+0xaced60], sa_mask[0]=11111111011111111101111111111110, sa_flags=SA_RESTART|SA_SIGINFO
SIGFPE: [libjvm.so+0x907ca0], sa_mask[0]=11111111011111111101111111111110, sa_flags=SA_RESTART|SA_SIGINFO
SIGPIPE: [libjvm.so+0x907ca0], sa_mask[0]=11111111011111111101111111111110, sa_flags=SA_RESTART|SA_SIGINFO
SIGXFSZ: [libjvm.so+0x907ca0], sa_mask[0]=11111111011111111101111111111110, sa_flags=SA_RESTART|SA_SIGINFO
SIGILL: [libjvm.so+0x907ca0], sa_mask[0]=11111111011111111101111111111110, sa_flags=SA_RESTART|SA_SIGINFO
SIGUSR1: SIG_DFL, sa_mask[0]=00000000000000000000000000000000, sa_flags=none
SIGUSR2: [libjvm.so+0x907b70], sa_mask[0]=00100000000000000000000000000000, sa_flags=SA_RESTART|SA_SIGINFO
SIGHUP: [libjvm.so+0x908190], sa_mask[0]=11111111011111111101111111111110, sa_flags=SA_RESTART|SA_SIGINFO
SIGINT: [libjvm.so+0x908190], sa_mask[0]=11111111011111111101111111111110, sa_flags=SA_RESTART|SA_SIGINFO
SIGTERM: [libjvm.so+0x908190], sa_mask[0]=11111111011111111101111111111110, sa_flags=SA_RESTART|SA_SIGINFO
SIGQUIT: [libjvm.so+0x908190], sa_mask[0]=11111111011111111101111111111110, sa_flags=SA_RESTART|SA_SIGINFO


---------------  S Y S T E M  ---------------

OS:DISTRIB_ID=LinuxMint
DISTRIB_RELEASE=19
DISTRIB_CODENAME=tara
DISTRIB_DESCRIPTION="Linux Mint 19 Tara"

uname:Linux 4.15.0-42-generic #45-Ubuntu SMP Thu Nov 15 19:32:57 UTC 2018 x86_64
libc:glibc 2.27 NPTL 2.27 
rlimit: STACK 8192k, CORE 0k, NPROC 30701, NOFILE 1048576, AS infinity
load average:8,72 5,90 4,51

/proc/meminfo:
MemTotal:        8031504 kB
MemFree:          124900 kB
MemAvailable:      32388 kB
Buffers:             520 kB
Cached:           451416 kB
SwapCached:         3352 kB
Active:          6452280 kB
Inactive:         997328 kB
Active(anon):    6445224 kB
Inactive(anon):   985016 kB
Active(file):       7056 kB
Inactive(file):    12312 kB
Unevictable:          96 kB
Mlocked:              96 kB
SwapTotal:       2097148 kB
SwapFree:              0 kB
Dirty:               204 kB
Writeback:             0 kB
AnonPages:       6994904 kB
Mapped:            73944 kB
Shmem:            432456 kB
Slab:             195412 kB
SReclaimable:      71424 kB
SUnreclaim:       123988 kB
KernelStack:       24832 kB
PageTables:       119716 kB
NFS_Unstable:          0 kB
Bounce:                0 kB
WritebackTmp:          0 kB
CommitLimit:     6112900 kB
Committed_AS:   21050480 kB
VmallocTotal:   34359738367 kB
VmallocUsed:           0 kB
VmallocChunk:          0 kB
HardwareCorrupted:     0 kB
AnonHugePages:         0 kB
ShmemHugePages:        0 kB
ShmemPmdMapped:        0 kB
CmaTotal:              0 kB
CmaFree:               0 kB
HugePages_Total:       0
HugePages_Free:        0
HugePages_Rsvd:        0
HugePages_Surp:        0
Hugepagesize:       2048 kB
DirectMap4k:      526880 kB
DirectMap2M:     7725056 kB
DirectMap1G:     1048576 kB

container (cgroup) information:
container_type: cgroupv1
cpu_cpuset_cpus: 0-3
cpu_memory_nodes: 0
active_processor_count: 4
cpu_quota: -1
cpu_period: 100000
cpu_shares: -1
memory_limit_in_bytes: -1
memory_and_swap_limit_in_bytes: -2
memory_soft_limit_in_bytes: -1
memory_usage_in_bytes: 7744987136
memory_max_usage_in_bytes: 7834337280


CPU:total 4 (initial active 4) (2 cores per cpu, 2 threads per core) family 6 model 142 stepping 9, cmov, cx8, fxsr, mmx, sse, sse2, sse3, ssse3, sse4.1, sse4.2, popcnt, avx, avx2, aes, clmul, erms, 3dnowpref, lzcnt, ht, tsc, tscinvbit, bmi1, bmi2, adx

/proc/cpuinfo:
processor	: 0
vendor_id	: GenuineIntel
cpu family	: 6
model		: 142
model name	: Intel(R) Core(TM) i5-7200U CPU @ 2.50GHz
stepping	: 9
microcode	: 0x8e
cpu MHz		: 3100.017
cache size	: 3072 KB
physical id	: 0
siblings	: 4
core id		: 0
cpu cores	: 2
apicid		: 0
initial apicid	: 0
fpu		: yes
fpu_exception	: yes
cpuid level	: 22
wp		: yes
flags		: fpu vme de pse tsc msr pae mce cx8 apic sep mtrr pge mca cmov pat pse36 clflush dts acpi mmx fxsr sse sse2 ss ht tm pbe syscall nx pdpe1gb rdtscp lm constant_tsc art arch_perfmon pebs bts rep_good nopl xtopology nonstop_tsc cpuid aperfmperf tsc_known_freq pni pclmulqdq dtes64 monitor ds_cpl vmx est tm2 ssse3 sdbg fma cx16 xtpr pdcm pcid sse4_1 sse4_2 x2apic movbe popcnt tsc_deadline_timer aes xsave avx f16c rdrand lahf_lm abm 3dnowprefetch cpuid_fault epb invpcid_single pti ssbd ibrs ibpb stibp tpr_shadow vnmi flexpriority ept vpid fsgsbase tsc_adjust bmi1 avx2 smep bmi2 erms invpcid mpx rdseed adx smap clflushopt intel_pt xsaveopt xsavec xgetbv1 xsaves dtherm ida arat pln pts hwp hwp_notify hwp_act_window hwp_epp flush_l1d
bugs		: cpu_meltdown spectre_v1 spectre_v2 spec_store_bypass l1tf
bogomips	: 5424.00
clflush size	: 64
cache_alignment	: 64
address sizes	: 39 bits physical, 48 bits virtual
power management:

processor	: 1
vendor_id	: GenuineIntel
cpu family	: 6
model		: 142
model name	: Intel(R) Core(TM) i5-7200U CPU @ 2.50GHz
stepping	: 9
microcode	: 0x8e
cpu MHz		: 3099.987
cache size	: 3072 KB
physical id	: 0
siblings	: 4
core id		: 1
cpu cores	: 2
apicid		: 2
initial apicid	: 2
fpu		: yes
fpu_exception	: yes
cpuid level	: 22
wp		: yes
flags		: fpu vme de pse tsc msr pae mce cx8 apic sep mtrr pge mca cmov pat pse36 clflush dts acpi mmx fxsr sse sse2 ss ht tm pbe syscall nx pdpe1gb rdtscp lm constant_tsc art arch_perfmon pebs bts rep_good nopl xtopology nonstop_tsc cpuid aperfmperf tsc_known_freq pni pclmulqdq dtes64 monitor ds_cpl vmx est tm2 ssse3 sdbg fma cx16 xtpr pdcm pcid sse4_1 sse4_2 x2apic movbe popcnt tsc_deadline_timer aes xsave avx f16c rdrand lahf_lm abm 3dnowprefetch cpuid_fault epb invpcid_single pti ssbd ibrs ibpb stibp tpr_shadow vnmi flexpriority ept vpid fsgsbase tsc_adjust bmi1 avx2 smep bmi2 erms invpcid mpx rdseed adx smap clflushopt intel_pt xsaveopt xsavec xgetbv1 xsaves dtherm ida arat pln pts hwp hwp_notify hwp_act_window hwp_epp flush_l1d
bugs		: cpu_meltdown spectre_v1 spectre_v2 spec_store_bypass l1tf
bogomips	: 5424.00
clflush size	: 64
cache_alignment	: 64
address sizes	: 39 bits physical, 48 bits virtual
power management:

processor	: 2
vendor_id	: GenuineIntel
cpu family	: 6
model		: 142
model name	: Intel(R) Core(TM) i5-7200U CPU @ 2.50GHz
stepping	: 9
microcode	: 0x8e
cpu MHz		: 3100.206
cache size	: 3072 KB
physical id	: 0
siblings	: 4
core id		: 0
cpu cores	: 2
apicid		: 1
initial apicid	: 1
fpu		: yes
fpu_exception	: yes
cpuid level	: 22
wp		: yes
flags		: fpu vme de pse tsc msr pae mce cx8 apic sep mtrr pge mca cmov pat pse36 clflush dts acpi mmx fxsr sse sse2 ss ht tm pbe syscall nx pdpe1gb rdtscp lm constant_tsc art arch_perfmon pebs bts rep_good nopl xtopology nonstop_tsc cpuid aperfmperf tsc_known_freq pni pclmulqdq dtes64 monitor ds_cpl vmx est tm2 ssse3 sdbg fma cx16 xtpr pdcm pcid sse4_1 sse4_2 x2apic movbe popcnt tsc_deadline_timer aes xsave avx f16c rdrand lahf_lm abm 3dnowprefetch cpuid_fault epb invpcid_single pti ssbd ibrs ibpb stibp tpr_shadow vnmi flexpriority ept vpid fsgsbase tsc_adjust bmi1 avx2 smep bmi2 erms invpcid mpx rdseed adx smap clflushopt intel_pt xsaveopt xsavec xgetbv1 xsaves dtherm ida arat pln pts hwp hwp_notify hwp_act_window hwp_epp flush_l1d
bugs		: cpu_meltdown spectre_v1 spectre_v2 spec_store_bypass l1tf
bogomips	: 5424.00
clflush size	: 64
cache_alignment	: 64
address sizes	: 39 bits physical, 48 bits virtual
power management:

processor	: 3
vendor_id	: GenuineIntel
cpu family	: 6
model		: 142
model name	: Intel(R) Core(TM) i5-7200U CPU @ 2.50GHz
stepping	: 9
microcode	: 0x8e
cpu MHz		: 3099.994
cache size	: 3072 KB
physical id	: 0
siblings	: 4
core id		: 1
cpu cores	: 2
apicid		: 3
initial apicid	: 3
fpu		: yes
fpu_exception	: yes
cpuid level	: 22
wp		: yes
flags		: fpu vme de pse tsc msr pae mce cx8 apic sep mtrr pge mca cmov pat pse36 clflush dts acpi mmx fxsr sse sse2 ss ht tm pbe syscall nx pdpe1gb rdtscp lm constant_tsc art arch_perfmon pebs bts rep_good nopl xtopology nonstop_tsc cpuid aperfmperf tsc_known_freq pni pclmulqdq dtes64 monitor ds_cpl vmx est tm2 ssse3 sdbg fma cx16 xtpr pdcm pcid sse4_1 sse4_2 x2apic movbe popcnt tsc_deadline_timer aes xsave avx f16c rdrand lahf_lm abm 3dnowprefetch cpuid_fault epb invpcid_single pti ssbd ibrs ibpb stibp tpr_shadow vnmi flexpriority ept vpid fsgsbase tsc_adjust bmi1 avx2 smep bmi2 erms invpcid mpx rdseed adx smap clflushopt intel_pt xsaveopt xsavec xgetbv1 xsaves dtherm ida arat pln pts hwp hwp_notify hwp_act_window hwp_epp flush_l1d
bugs		: cpu_meltdown spectre_v1 spectre_v2 spec_store_bypass l1tf
bogomips	: 5424.00
clflush size	: 64
cache_alignment	: 64
address sizes	: 39 bits physical, 48 bits virtual
power management:



Memory: 4k page, physical 8031504k(124728k free), swap 2097148k(0k free)

vm_info: Java HotSpot(TM) 64-Bit Server VM (25.191-b12) for linux-amd64 JRE (1.8.0_191-b12), built on Oct  6 2018 05:43:09 by "java_re" with gcc 7.3.0

time: Tue Sep  3 16:39:54 2019
elapsed time: 14 seconds (0d 0h 0m 14s)

